0 verbose cli /data/data/com.termux/files/usr/bin/node /data/data/com.termux/files/usr/bin/npm
1 info using npm@10.9.2
2 info using node@v22.13.1
3 silly config load:file:/data/data/com.termux/files/usr/lib/node_modules/npm/npmrc
4 silly config load:file:/data/data/com.termux/files/home/.npmrc
5 silly config load:file:/data/data/com.termux/files/usr/etc/npmrc
6 verbose title npm i chalk chalk-animation
7 verbose argv "--global" "i" "chalk" "chalk-animation"
8 verbose logfile logs-max:10 dir:/data/data/com.termux/files/home/.npm/_logs/2025-02-19T02_38_51_014Z-
9 verbose logfile /data/data/com.termux/files/home/.npm/_logs/2025-02-19T02_38_51_014Z-debug-0.log
10 silly packumentCache heap:1098907648 maxSize:274726912 maxEntrySize:137363456
11 silly logfile start cleaning logs, removing 1 files
12 silly logfile done cleaning log files
13 silly idealTree buildDeps
14 silly fetch manifest chalk@*
15 silly packumentCache full:https://registry.npmjs.org/chalk cache-miss
16 http fetch GET 200 https://registry.npmjs.org/chalk 1107ms (cache updated)
17 silly packumentCache full:https://registry.npmjs.org/chalk set size:undefined disposed:false
18 silly fetch manifest chalk-animation@*
19 silly packumentCache full:https://registry.npmjs.org/chalk-animation cache-miss
20 http fetch GET 200 https://registry.npmjs.org/chalk-animation 907ms (cache updated)
21 silly packumentCache full:https://registry.npmjs.org/chalk-animation set size:undefined disposed:false
22 silly placeDep ROOT chalk@5.4.1 OK for:  want: *
23 silly placeDep ROOT chalk-animation@2.0.3 OK for:  want: *
24 silly fetch manifest chalk@^4.1.2
25 silly packumentCache full:https://registry.npmjs.org/chalk cache-miss
26 silly fetch manifest gradient-string@^2.0.2
27 silly packumentCache full:https://registry.npmjs.org/gradient-string cache-miss
28 silly fetch manifest meow@^10.1.2
29 silly packumentCache full:https://registry.npmjs.org/meow cache-miss
30 http cache https://registry.npmjs.org/chalk 42ms (cache hit)
31 silly packumentCache full:https://registry.npmjs.org/chalk set size:122561 disposed:false
32 http fetch GET 200 https://registry.npmjs.org/gradient-string 200ms (cache updated)
33 silly packumentCache full:https://registry.npmjs.org/gradient-string set size:undefined disposed:false
34 http fetch GET 200 https://registry.npmjs.org/meow 587ms (cache updated)
35 silly packumentCache full:https://registry.npmjs.org/meow set size:undefined disposed:false
36 silly placeDep node_modules/chalk-animation chalk@4.1.2 OK for: chalk-animation@2.0.3 want: ^4.1.2
37 silly placeDep node_modules/chalk-animation gradient-string@2.0.2 OK for: chalk-animation@2.0.3 want: ^2.0.2
38 silly placeDep node_modules/chalk-animation meow@10.1.5 OK for: chalk-animation@2.0.3 want: ^10.1.2
39 silly fetch manifest ansi-styles@^4.1.0
40 silly packumentCache full:https://registry.npmjs.org/ansi-styles cache-miss
41 silly fetch manifest supports-color@^7.1.0
42 silly packumentCache full:https://registry.npmjs.org/supports-color cache-miss
43 silly fetch manifest tinygradient@^1.1.5
44 silly packumentCache full:https://registry.npmjs.org/tinygradient cache-miss
45 silly fetch manifest redent@^4.0.0
46 silly packumentCache full:https://registry.npmjs.org/redent cache-miss
47 silly fetch manifest type-fest@^1.2.2
48 silly packumentCache full:https://registry.npmjs.org/type-fest cache-miss
49 silly fetch manifest decamelize@^5.0.0
50 silly packumentCache full:https://registry.npmjs.org/decamelize cache-miss
51 silly fetch manifest read-pkg-up@^8.0.0
52 silly packumentCache full:https://registry.npmjs.org/read-pkg-up cache-miss
53 http fetch GET 200 https://registry.npmjs.org/ansi-styles 325ms (cache updated)
54 silly packumentCache full:https://registry.npmjs.org/ansi-styles set size:undefined disposed:false
55 silly fetch manifest yargs-parser@^20.2.9
56 silly packumentCache full:https://registry.npmjs.org/yargs-parser cache-miss
57 http fetch GET 200 https://registry.npmjs.org/yargs-parser 410ms (cache updated)
58 silly packumentCache full:https://registry.npmjs.org/yargs-parser set size:undefined disposed:false
59 silly fetch manifest trim-newlines@^4.0.2
60 silly packumentCache full:https://registry.npmjs.org/trim-newlines cache-miss
61 http fetch GET 200 https://registry.npmjs.org/tinygradient 900ms (cache updated)
62 silly packumentCache full:https://registry.npmjs.org/tinygradient set size:undefined disposed:false
63 silly fetch manifest camelcase-keys@^7.0.0
64 silly packumentCache full:https://registry.npmjs.org/camelcase-keys cache-miss
65 http fetch GET 200 https://registry.npmjs.org/camelcase-keys 240ms (cache updated)
66 silly packumentCache full:https://registry.npmjs.org/camelcase-keys set size:undefined disposed:false
67 silly fetch manifest hard-rejection@^2.1.0
68 silly packumentCache full:https://registry.npmjs.org/hard-rejection cache-miss
69 http fetch GET 200 https://registry.npmjs.org/hard-rejection 445ms (cache updated)
70 silly packumentCache full:https://registry.npmjs.org/hard-rejection set size:undefined disposed:false
71 silly fetch manifest @types/minimist@^1.2.2
72 silly packumentCache full:https://registry.npmjs.org/@types%2fminimist cache-miss
73 http fetch GET 200 https://registry.npmjs.org/trim-newlines 946ms (cache updated)
74 silly packumentCache full:https://registry.npmjs.org/trim-newlines set size:undefined disposed:false
75 silly fetch manifest decamelize-keys@^1.1.0
76 silly packumentCache full:https://registry.npmjs.org/decamelize-keys cache-miss
77 http fetch GET 200 https://registry.npmjs.org/@types%2fminimist 393ms (cache updated)
78 silly packumentCache full:https://registry.npmjs.org/@types%2fminimist set size:undefined disposed:false
79 silly fetch manifest minimist-options@4.1.0
80 silly packumentCache full:https://registry.npmjs.org/minimist-options cache-miss
81 http fetch GET 200 https://registry.npmjs.org/redent 2200ms (cache updated)
82 silly packumentCache full:https://registry.npmjs.org/redent set size:undefined disposed:false
83 silly fetch manifest normalize-package-data@^3.0.2
84 silly packumentCache full:https://registry.npmjs.org/normalize-package-data cache-miss
85 http fetch GET 200 https://registry.npmjs.org/minimist-options 302ms (cache updated)
86 silly packumentCache full:https://registry.npmjs.org/minimist-options set size:undefined disposed:false
87 http fetch GET 200 https://registry.npmjs.org/decamelize 2321ms (cache updated)
88 silly packumentCache full:https://registry.npmjs.org/decamelize set size:undefined disposed:false
89 http fetch GET 200 https://registry.npmjs.org/read-pkg-up 2371ms (cache updated)
90 silly packumentCache full:https://registry.npmjs.org/read-pkg-up set size:undefined disposed:false
91 http fetch GET 200 https://registry.npmjs.org/decamelize-keys 1063ms (cache updated)
92 silly packumentCache full:https://registry.npmjs.org/decamelize-keys set size:undefined disposed:false
93 http fetch GET 200 https://registry.npmjs.org/supports-color 2940ms (cache updated)
94 silly packumentCache full:https://registry.npmjs.org/supports-color set size:undefined disposed:false
95 http fetch GET 200 https://registry.npmjs.org/normalize-package-data 1137ms (cache updated)
96 silly packumentCache full:https://registry.npmjs.org/normalize-package-data set size:undefined disposed:false
97 http fetch GET 200 https://registry.npmjs.org/type-fest 3675ms (cache updated)
98 silly packumentCache full:https://registry.npmjs.org/type-fest set size:undefined disposed:false
99 silly placeDep node_modules/chalk-animation ansi-styles@4.3.0 OK for: chalk@4.1.2 want: ^4.1.0
100 silly placeDep node_modules/chalk-animation supports-color@7.2.0 OK for: chalk@4.1.2 want: ^7.1.0
101 silly fetch manifest color-convert@^2.0.1
102 silly packumentCache full:https://registry.npmjs.org/color-convert cache-miss
103 silly fetch manifest has-flag@^4.0.0
104 silly packumentCache full:https://registry.npmjs.org/has-flag cache-miss
105 http fetch GET 200 https://registry.npmjs.org/has-flag 210ms (cache updated)
106 silly packumentCache full:https://registry.npmjs.org/has-flag set size:undefined disposed:false
107 http fetch GET 200 https://registry.npmjs.org/color-convert 216ms (cache updated)
108 silly packumentCache full:https://registry.npmjs.org/color-convert set size:undefined disposed:false
109 silly placeDep node_modules/chalk-animation color-convert@2.0.1 OK for: ansi-styles@4.3.0 want: ^2.0.1
110 silly fetch manifest color-name@~1.1.4
111 silly packumentCache full:https://registry.npmjs.org/color-name cache-miss
112 http fetch GET 200 https://registry.npmjs.org/color-name 112ms (cache updated)
113 silly packumentCache full:https://registry.npmjs.org/color-name set size:undefined disposed:false
114 silly placeDep node_modules/chalk-animation color-name@1.1.4 OK for: color-convert@2.0.1 want: ~1.1.4
115 silly placeDep node_modules/chalk-animation tinygradient@1.1.5 OK for: gradient-string@2.0.2 want: ^1.1.5
116 silly fetch manifest tinycolor2@^1.0.0
117 silly packumentCache full:https://registry.npmjs.org/tinycolor2 cache-miss
118 silly fetch manifest @types/tinycolor2@^1.4.0
119 silly packumentCache full:https://registry.npmjs.org/@types%2ftinycolor2 cache-miss
120 http fetch GET 200 https://registry.npmjs.org/tinycolor2 238ms (cache updated)
121 silly packumentCache full:https://registry.npmjs.org/tinycolor2 set size:undefined disposed:false
122 http fetch GET 200 https://registry.npmjs.org/@types%2ftinycolor2 265ms (cache updated)
123 silly packumentCache full:https://registry.npmjs.org/@types%2ftinycolor2 set size:undefined disposed:false
124 silly placeDep node_modules/chalk-animation @types/minimist@1.2.5 OK for: meow@10.1.5 want: ^1.2.2
125 silly placeDep node_modules/chalk-animation camelcase-keys@7.0.2 OK for: meow@10.1.5 want: ^7.0.0
126 silly placeDep node_modules/chalk-animation decamelize@5.0.1 OK for: meow@10.1.5 want: ^5.0.0
127 silly placeDep node_modules/chalk-animation decamelize-keys@1.1.1 OK for: meow@10.1.5 want: ^1.1.0
128 silly placeDep node_modules/chalk-animation hard-rejection@2.1.0 OK for: meow@10.1.5 want: ^2.1.0
129 silly placeDep node_modules/chalk-animation minimist-options@4.1.0 OK for: meow@10.1.5 want: 4.1.0
130 silly placeDep node_modules/chalk-animation normalize-package-data@3.0.3 OK for: meow@10.1.5 want: ^3.0.2
131 silly placeDep node_modules/chalk-animation read-pkg-up@8.0.0 OK for: meow@10.1.5 want: ^8.0.0
132 silly placeDep node_modules/chalk-animation redent@4.0.0 OK for: meow@10.1.5 want: ^4.0.0
133 silly placeDep node_modules/chalk-animation trim-newlines@4.1.1 OK for: meow@10.1.5 want: ^4.0.2
134 silly placeDep node_modules/chalk-animation type-fest@1.4.0 OK for: meow@10.1.5 want: ^1.2.2
135 silly placeDep node_modules/chalk-animation yargs-parser@20.2.9 OK for: meow@10.1.5 want: ^20.2.9
136 silly fetch manifest camelcase@^6.3.0
137 silly packumentCache full:https://registry.npmjs.org/camelcase cache-miss
138 silly fetch manifest map-obj@^4.1.0
139 silly packumentCache full:https://registry.npmjs.org/map-obj cache-miss
140 silly fetch manifest quick-lru@^5.1.1
141 silly packumentCache full:https://registry.npmjs.org/quick-lru cache-miss
142 silly fetch manifest type-fest@^1.2.1
143 silly packumentCache full:https://registry.npmjs.org/type-fest cache-miss
144 silly fetch manifest decamelize@^1.1.0
145 silly packumentCache full:https://registry.npmjs.org/decamelize cache-miss
146 silly fetch manifest map-obj@^1.0.0
147 silly packumentCache full:https://registry.npmjs.org/map-obj cache-miss
148 silly fetch manifest arrify@^1.0.1
149 silly packumentCache full:https://registry.npmjs.org/arrify cache-miss
150 http cache https://registry.npmjs.org/decamelize 32ms (cache hit)
151 silly packumentCache full:https://registry.npmjs.org/decamelize set size:32733 disposed:false
152 silly fetch manifest is-plain-obj@^1.1.0
153 silly packumentCache full:https://registry.npmjs.org/is-plain-obj cache-miss
154 http cache https://registry.npmjs.org/type-fest 37ms (cache hit)
155 silly packumentCache full:https://registry.npmjs.org/type-fest set size:506401 disposed:false
156 silly fetch manifest kind-of@^6.0.3
157 silly packumentCache full:https://registry.npmjs.org/kind-of cache-miss
158 http fetch GET 200 https://registry.npmjs.org/map-obj 184ms (cache updated)
159 silly packumentCache full:https://registry.npmjs.org/map-obj set size:undefined disposed:false
160 silly fetch manifest semver@^7.3.4
161 silly packumentCache full:https://registry.npmjs.org/semver cache-miss
162 http fetch GET 200 https://registry.npmjs.org/map-obj 189ms (cache updated)
163 silly packumentCache full:https://registry.npmjs.org/map-obj set size:undefined disposed:false
164 silly fetch manifest is-core-module@^2.5.0
165 silly packumentCache full:https://registry.npmjs.org/is-core-module cache-miss
166 http fetch GET 200 https://registry.npmjs.org/arrify 247ms (cache updated)
167 silly packumentCache full:https://registry.npmjs.org/arrify set size:undefined disposed:false
168 silly fetch manifest hosted-git-info@^4.0.1
169 silly packumentCache full:https://registry.npmjs.org/hosted-git-info cache-miss
170 http fetch GET 200 https://registry.npmjs.org/quick-lru 257ms (cache updated)
171 silly packumentCache full:https://registry.npmjs.org/quick-lru set size:undefined disposed:false
172 silly fetch manifest validate-npm-package-license@^3.0.1
173 silly packumentCache full:https://registry.npmjs.org/validate-npm-package-license cache-miss
174 http fetch GET 200 https://registry.npmjs.org/camelcase 265ms (cache updated)
175 silly packumentCache full:https://registry.npmjs.org/camelcase set size:undefined disposed:false
176 silly fetch manifest find-up@^5.0.0
177 silly packumentCache full:https://registry.npmjs.org/find-up cache-miss
178 http fetch GET 200 https://registry.npmjs.org/is-plain-obj 670ms (cache updated)
179 silly packumentCache full:https://registry.npmjs.org/is-plain-obj set size:undefined disposed:false
180 silly fetch manifest read-pkg@^6.0.0
181 silly packumentCache full:https://registry.npmjs.org/read-pkg cache-miss
182 http fetch GET 200 https://registry.npmjs.org/validate-npm-package-license 452ms (cache updated)
183 silly packumentCache full:https://registry.npmjs.org/validate-npm-package-license set size:undefined disposed:false
184 silly fetch manifest type-fest@^1.0.1
185 silly packumentCache full:https://registry.npmjs.org/type-fest cache-hit
186 silly fetch manifest indent-string@^5.0.0
187 silly packumentCache full:https://registry.npmjs.org/indent-string cache-miss
188 http fetch GET 200 https://registry.npmjs.org/find-up 455ms (cache updated)
189 silly packumentCache full:https://registry.npmjs.org/find-up set size:undefined disposed:false
190 silly fetch manifest strip-indent@^4.0.0
191 silly packumentCache full:https://registry.npmjs.org/strip-indent cache-miss
192 http fetch GET 200 https://registry.npmjs.org/hosted-git-info 856ms (cache updated)
193 silly packumentCache full:https://registry.npmjs.org/hosted-git-info set size:undefined disposed:false
194 http fetch GET 200 https://registry.npmjs.org/is-core-module 961ms (cache updated)
195 silly packumentCache full:https://registry.npmjs.org/is-core-module set size:undefined disposed:false
196 http fetch GET 200 https://registry.npmjs.org/semver 1095ms (cache updated)
197 silly packumentCache full:https://registry.npmjs.org/semver set size:undefined disposed:false
198 http fetch GET 200 https://registry.npmjs.org/read-pkg 600ms (cache updated)
199 silly packumentCache full:https://registry.npmjs.org/read-pkg set size:undefined disposed:false
200 http fetch GET 200 https://registry.npmjs.org/indent-string 599ms (cache updated)
201 silly packumentCache full:https://registry.npmjs.org/indent-string set size:undefined disposed:false
202 http fetch GET 200 https://registry.npmjs.org/kind-of 1475ms (cache updated)
203 silly packumentCache full:https://registry.npmjs.org/kind-of set size:undefined disposed:false
204 http fetch GET 200 https://registry.npmjs.org/strip-indent 813ms (cache updated)
205 silly packumentCache full:https://registry.npmjs.org/strip-indent set size:undefined disposed:false
206 silly placeDep node_modules/chalk-animation camelcase@6.3.0 OK for: camelcase-keys@7.0.2 want: ^6.3.0
207 silly placeDep node_modules/chalk-animation map-obj@4.3.0 OK for: camelcase-keys@7.0.2 want: ^4.1.0
208 silly placeDep node_modules/chalk-animation quick-lru@5.1.1 OK for: camelcase-keys@7.0.2 want: ^5.1.1
209 silly placeDep node_modules/chalk-animation/node_modules/decamelize-keys decamelize@1.2.0 OK for: decamelize-keys@1.1.1 want: ^1.1.0
210 silly placeDep node_modules/chalk-animation/node_modules/decamelize-keys map-obj@1.0.1 OK for: decamelize-keys@1.1.1 want: ^1.0.0
211 silly placeDep node_modules/chalk-animation arrify@1.0.1 OK for: minimist-options@4.1.0 want: ^1.0.1
212 silly placeDep node_modules/chalk-animation is-plain-obj@1.1.0 OK for: minimist-options@4.1.0 want: ^1.1.0
213 silly placeDep node_modules/chalk-animation kind-of@6.0.3 OK for: minimist-options@4.1.0 want: ^6.0.3
214 silly placeDep node_modules/chalk-animation hosted-git-info@4.1.0 OK for: normalize-package-data@3.0.3 want: ^4.0.1
215 silly placeDep node_modules/chalk-animation is-core-module@2.16.1 OK for: normalize-package-data@3.0.3 want: ^2.5.0
216 silly placeDep node_modules/chalk-animation semver@7.7.1 OK for: normalize-package-data@3.0.3 want: ^7.3.4
217 silly placeDep node_modules/chalk-animation validate-npm-package-license@3.0.4 OK for: normalize-package-data@3.0.3 want: ^3.0.1
218 silly fetch manifest lru-cache@^6.0.0
219 silly packumentCache full:https://registry.npmjs.org/lru-cache cache-miss
220 silly fetch manifest hasown@^2.0.2
221 silly packumentCache full:https://registry.npmjs.org/hasown cache-miss
222 silly fetch manifest spdx-correct@^3.0.0
223 silly packumentCache full:https://registry.npmjs.org/spdx-correct cache-miss
224 silly fetch manifest spdx-expression-parse@^3.0.0
225 silly packumentCache full:https://registry.npmjs.org/spdx-expression-parse cache-miss
226 http fetch GET 200 https://registry.npmjs.org/spdx-expression-parse 268ms (cache updated)
227 silly packumentCache full:https://registry.npmjs.org/spdx-expression-parse set size:undefined disposed:false
228 http fetch GET 200 https://registry.npmjs.org/spdx-correct 745ms (cache updated)
229 silly packumentCache full:https://registry.npmjs.org/spdx-correct set size:undefined disposed:false
230 http fetch GET 200 https://registry.npmjs.org/lru-cache 786ms (cache updated)
231 silly packumentCache full:https://registry.npmjs.org/lru-cache set size:undefined disposed:false
232 http fetch GET 200 https://registry.npmjs.org/hasown 811ms (cache updated)
233 silly packumentCache full:https://registry.npmjs.org/hasown set size:undefined disposed:false
234 silly placeDep node_modules/chalk-animation lru-cache@6.0.0 OK for: hosted-git-info@4.1.0 want: ^6.0.0
235 silly fetch manifest yallist@^4.0.0
236 silly packumentCache full:https://registry.npmjs.org/yallist cache-miss
237 http fetch GET 200 https://registry.npmjs.org/yallist 905ms (cache updated)
238 silly packumentCache full:https://registry.npmjs.org/yallist set size:undefined disposed:false
239 silly placeDep node_modules/chalk-animation hasown@2.0.2 OK for: is-core-module@2.16.1 want: ^2.0.2
240 silly fetch manifest function-bind@^1.1.2
241 silly packumentCache full:https://registry.npmjs.org/function-bind cache-miss
242 http fetch GET 200 https://registry.npmjs.org/function-bind 182ms (cache updated)
243 silly packumentCache full:https://registry.npmjs.org/function-bind set size:undefined disposed:false
244 silly placeDep node_modules/chalk-animation function-bind@1.1.2 OK for: hasown@2.0.2 want: ^1.1.2
245 silly placeDep node_modules/chalk-animation yallist@4.0.0 OK for: lru-cache@6.0.0 want: ^4.0.0
246 silly placeDep node_modules/chalk-animation find-up@5.0.0 OK for: read-pkg-up@8.0.0 want: ^5.0.0
247 silly placeDep node_modules/chalk-animation read-pkg@6.0.0 OK for: read-pkg-up@8.0.0 want: ^6.0.0
248 silly fetch manifest locate-path@^6.0.0
249 silly packumentCache full:https://registry.npmjs.org/locate-path cache-miss
250 silly fetch manifest path-exists@^4.0.0
251 silly packumentCache full:https://registry.npmjs.org/path-exists cache-miss
252 silly fetch manifest @types/normalize-package-data@^2.4.0
253 silly packumentCache full:https://registry.npmjs.org/@types%2fnormalize-package-data cache-miss
254 silly fetch manifest parse-json@^5.2.0
255 silly packumentCache full:https://registry.npmjs.org/parse-json cache-miss
256 http fetch GET 200 https://registry.npmjs.org/locate-path 186ms (cache updated)
257 silly packumentCache full:https://registry.npmjs.org/locate-path set size:undefined disposed:false
258 http fetch GET 200 https://registry.npmjs.org/path-exists 194ms (cache updated)
259 silly packumentCache full:https://registry.npmjs.org/path-exists set size:undefined disposed:false
260 http fetch GET 200 https://registry.npmjs.org/@types%2fnormalize-package-data 325ms (cache updated)
261 silly packumentCache full:https://registry.npmjs.org/@types%2fnormalize-package-data set size:undefined disposed:false
262 http fetch GET 200 https://registry.npmjs.org/parse-json 798ms (cache updated)
263 silly packumentCache full:https://registry.npmjs.org/parse-json set size:undefined disposed:false
264 silly placeDep node_modules/chalk-animation locate-path@6.0.0 OK for: find-up@5.0.0 want: ^6.0.0
265 silly placeDep node_modules/chalk-animation path-exists@4.0.0 OK for: find-up@5.0.0 want: ^4.0.0
266 silly fetch manifest p-locate@^5.0.0
267 silly packumentCache full:https://registry.npmjs.org/p-locate cache-miss
268 http fetch GET 200 https://registry.npmjs.org/p-locate 173ms (cache updated)
269 silly packumentCache full:https://registry.npmjs.org/p-locate set size:undefined disposed:false
270 silly placeDep node_modules/chalk-animation p-locate@5.0.0 OK for: locate-path@6.0.0 want: ^5.0.0
271 silly fetch manifest p-limit@^3.0.2
272 silly packumentCache full:https://registry.npmjs.org/p-limit cache-miss
273 http fetch GET 200 https://registry.npmjs.org/p-limit 216ms (cache updated)
274 silly packumentCache full:https://registry.npmjs.org/p-limit set size:undefined disposed:false
275 silly placeDep node_modules/chalk-animation p-limit@3.1.0 OK for: p-locate@5.0.0 want: ^3.0.2
276 silly fetch manifest yocto-queue@^0.1.0
277 silly packumentCache full:https://registry.npmjs.org/yocto-queue cache-miss
278 http fetch GET 200 https://registry.npmjs.org/yocto-queue 217ms (cache updated)
279 silly packumentCache full:https://registry.npmjs.org/yocto-queue set size:undefined disposed:false
280 silly placeDep node_modules/chalk-animation yocto-queue@0.1.0 OK for: p-limit@3.1.0 want: ^0.1.0
281 silly placeDep node_modules/chalk-animation @types/normalize-package-data@2.4.4 OK for: read-pkg@6.0.0 want: ^2.4.0
282 silly placeDep node_modules/chalk-animation parse-json@5.2.0 OK for: read-pkg@6.0.0 want: ^5.2.0
283 silly fetch manifest @babel/code-frame@^7.0.0
284 silly packumentCache full:https://registry.npmjs.org/@babel%2fcode-frame cache-miss
285 silly fetch manifest error-ex@^1.3.1
286 silly packumentCache full:https://registry.npmjs.org/error-ex cache-miss
287 silly fetch manifest json-parse-even-better-errors@^2.3.0
288 silly packumentCache full:https://registry.npmjs.org/json-parse-even-better-errors cache-miss
289 silly fetch manifest lines-and-columns@^1.1.6
290 silly packumentCache full:https://registry.npmjs.org/lines-and-columns cache-miss
291 http fetch GET 200 https://registry.npmjs.org/error-ex 138ms (cache updated)
292 silly packumentCache full:https://registry.npmjs.org/error-ex set size:undefined disposed:false
293 http fetch GET 200 https://registry.npmjs.org/json-parse-even-better-errors 151ms (cache updated)
294 silly packumentCache full:https://registry.npmjs.org/json-parse-even-better-errors set size:undefined disposed:false
295 http fetch GET 200 https://registry.npmjs.org/lines-and-columns 208ms (cache updated)
296 silly packumentCache full:https://registry.npmjs.org/lines-and-columns set size:undefined disposed:false
297 http fetch GET 200 https://registry.npmjs.org/@babel%2fcode-frame 316ms (cache updated)
298 silly packumentCache full:https://registry.npmjs.org/@babel%2fcode-frame set size:undefined disposed:false
299 silly placeDep node_modules/chalk-animation @babel/code-frame@7.26.2 OK for: parse-json@5.2.0 want: ^7.0.0
300 silly placeDep node_modules/chalk-animation error-ex@1.3.2 OK for: parse-json@5.2.0 want: ^1.3.1
301 silly placeDep node_modules/chalk-animation json-parse-even-better-errors@2.3.1 OK for: parse-json@5.2.0 want: ^2.3.0
302 silly placeDep node_modules/chalk-animation lines-and-columns@1.2.4 OK for: parse-json@5.2.0 want: ^1.1.6
303 silly fetch manifest js-tokens@^4.0.0
304 silly packumentCache full:https://registry.npmjs.org/js-tokens cache-miss
305 silly fetch manifest picocolors@^1.0.0
306 silly packumentCache full:https://registry.npmjs.org/picocolors cache-miss
307 silly fetch manifest @babel/helper-validator-identifier@^7.25.9
308 silly packumentCache full:https://registry.npmjs.org/@babel%2fhelper-validator-identifier cache-miss
309 silly fetch manifest is-arrayish@^0.2.1
310 silly packumentCache full:https://registry.npmjs.org/is-arrayish cache-miss
311 http fetch GET 200 https://registry.npmjs.org/is-arrayish 402ms (cache updated)
312 silly packumentCache full:https://registry.npmjs.org/is-arrayish set size:undefined disposed:false
313 http fetch GET 200 https://registry.npmjs.org/@babel%2fhelper-validator-identifier 413ms (cache updated)
314 silly packumentCache full:https://registry.npmjs.org/@babel%2fhelper-validator-identifier set size:undefined disposed:false
315 http fetch GET 200 https://registry.npmjs.org/js-tokens 880ms (cache updated)
316 silly packumentCache full:https://registry.npmjs.org/js-tokens set size:undefined disposed:false
317 http fetch GET 200 https://registry.npmjs.org/picocolors 958ms (cache updated)
318 silly packumentCache full:https://registry.npmjs.org/picocolors set size:undefined disposed:false
319 silly placeDep node_modules/chalk-animation @babel/helper-validator-identifier@7.25.9 OK for: @babel/code-frame@7.26.2 want: ^7.25.9
320 silly placeDep node_modules/chalk-animation js-tokens@4.0.0 OK for: @babel/code-frame@7.26.2 want: ^4.0.0
321 silly placeDep node_modules/chalk-animation picocolors@1.1.1 OK for: @babel/code-frame@7.26.2 want: ^1.0.0
322 silly placeDep node_modules/chalk-animation is-arrayish@0.2.1 OK for: error-ex@1.3.2 want: ^0.2.1
323 silly placeDep node_modules/chalk-animation indent-string@5.0.0 OK for: redent@4.0.0 want: ^5.0.0
324 silly placeDep node_modules/chalk-animation strip-indent@4.0.0 OK for: redent@4.0.0 want: ^4.0.0
325 silly fetch manifest min-indent@^1.0.1
326 silly packumentCache full:https://registry.npmjs.org/min-indent cache-miss
327 http fetch GET 200 https://registry.npmjs.org/min-indent 212ms (cache updated)
328 silly packumentCache full:https://registry.npmjs.org/min-indent set size:undefined disposed:false
329 silly placeDep node_modules/chalk-animation min-indent@1.0.1 OK for: strip-indent@4.0.0 want: ^1.0.1
330 silly placeDep node_modules/chalk-animation has-flag@4.0.0 OK for: supports-color@7.2.0 want: ^4.0.0
331 silly placeDep node_modules/chalk-animation @types/tinycolor2@1.4.6 OK for: tinygradient@1.1.5 want: ^1.4.0
332 silly placeDep node_modules/chalk-animation tinycolor2@1.6.0 OK for: tinygradient@1.1.5 want: ^1.0.0
333 silly placeDep node_modules/chalk-animation spdx-correct@3.2.0 OK for: validate-npm-package-license@3.0.4 want: ^3.0.0
334 silly placeDep node_modules/chalk-animation spdx-expression-parse@3.0.1 OK for: validate-npm-package-license@3.0.4 want: ^3.0.0
335 silly fetch manifest spdx-license-ids@^3.0.0
336 silly packumentCache full:https://registry.npmjs.org/spdx-license-ids cache-miss
337 silly fetch manifest spdx-exceptions@^2.1.0
338 silly packumentCache full:https://registry.npmjs.org/spdx-exceptions cache-miss
339 silly fetch manifest spdx-license-ids@^3.0.0
340 silly packumentCache full:https://registry.npmjs.org/spdx-license-ids cache-miss
341 http fetch GET 200 https://registry.npmjs.org/spdx-exceptions 201ms (cache updated)
342 silly packumentCache full:https://registry.npmjs.org/spdx-exceptions set size:undefined disposed:false
343 http fetch GET 200 https://registry.npmjs.org/spdx-license-ids 205ms (cache updated)
344 silly packumentCache full:https://registry.npmjs.org/spdx-license-ids set size:undefined disposed:false
345 http fetch GET 200 https://registry.npmjs.org/spdx-license-ids 283ms (cache updated)
346 silly packumentCache full:https://registry.npmjs.org/spdx-license-ids set size:undefined disposed:false
347 silly placeDep node_modules/chalk-animation spdx-license-ids@3.0.21 OK for: spdx-correct@3.2.0 want: ^3.0.0
348 silly placeDep node_modules/chalk-animation spdx-exceptions@2.5.0 OK for: spdx-expression-parse@3.0.1 want: ^2.1.0
349 silly reify mark retired [ '/data/data/com.termux/files/usr/lib/node_modules/chalk' ]
350 silly reify mark retired [
350 silly reify   '/data/data/com.termux/files/usr/lib/node_modules/chalk-animation',
350 silly reify   '/data/data/com.termux/files/usr/bin/chalk-animation'
350 silly reify ]
351 silly reify moves {
351 silly reify   '/data/data/com.termux/files/usr/lib/node_modules/chalk': '/data/data/com.termux/files/usr/lib/node_modules/.chalk-7fA2zBDZ',
351 silly reify   '/data/data/com.termux/files/usr/lib/node_modules/chalk-animation': '/data/data/com.termux/files/usr/lib/node_modules/.chalk-animation-BR5aAqGV',
351 silly reify   '/data/data/com.termux/files/usr/bin/chalk-animation': '/data/data/com.termux/files/usr/bin/.chalk-animation-XWHtzA8i'
351 silly reify }
352 http cache chalk@https://registry.npmjs.org/chalk/-/chalk-5.4.1.tgz 1ms (cache hit)
353 http cache @types/normalize-package-data@https://registry.npmjs.org/@types/normalize-package-data/-/normalize-package-data-2.4.4.tgz 0ms (cache hit)
354 http cache @types/minimist@https://registry.npmjs.org/@types/minimist/-/minimist-1.2.5.tgz 0ms (cache hit)
355 http cache chalk-animation@https://registry.npmjs.org/chalk-animation/-/chalk-animation-2.0.3.tgz 0ms (cache hit)
356 http cache @babel/helper-validator-identifier@https://registry.npmjs.org/@babel/helper-validator-identifier/-/helper-validator-identifier-7.25.9.tgz 0ms (cache hit)
357 http cache yocto-queue@https://registry.npmjs.org/yocto-queue/-/yocto-queue-0.1.0.tgz 0ms (cache hit)
358 http cache @babel/code-frame@https://registry.npmjs.org/@babel/code-frame/-/code-frame-7.26.2.tgz 0ms (cache hit)
359 http cache yargs-parser@https://registry.npmjs.org/yargs-parser/-/yargs-parser-20.2.9.tgz 0ms (cache hit)
360 http cache yallist@https://registry.npmjs.org/yallist/-/yallist-4.0.0.tgz 0ms (cache hit)
361 http cache type-fest@https://registry.npmjs.org/type-fest/-/type-fest-1.4.0.tgz 0ms (cache hit)
362 http cache validate-npm-package-license@https://registry.npmjs.org/validate-npm-package-license/-/validate-npm-package-license-3.0.4.tgz 0ms (cache hit)
363 http cache trim-newlines@https://registry.npmjs.org/trim-newlines/-/trim-newlines-4.1.1.tgz 0ms (cache hit)
364 http cache tinygradient@https://registry.npmjs.org/tinygradient/-/tinygradient-1.1.5.tgz 0ms (cache hit)
365 http cache @types/tinycolor2@https://registry.npmjs.org/@types/tinycolor2/-/tinycolor2-1.4.6.tgz 0ms (cache hit)
366 http cache supports-color@https://registry.npmjs.org/supports-color/-/supports-color-7.2.0.tgz 0ms (cache hit)
367 http cache tinycolor2@https://registry.npmjs.org/tinycolor2/-/tinycolor2-1.6.0.tgz 0ms (cache hit)
368 http cache strip-indent@https://registry.npmjs.org/strip-indent/-/strip-indent-4.0.0.tgz 0ms (cache hit)
369 http cache quick-lru@https://registry.npmjs.org/quick-lru/-/quick-lru-5.1.1.tgz 0ms (cache hit)
370 http cache spdx-expression-parse@https://registry.npmjs.org/spdx-expression-parse/-/spdx-expression-parse-3.0.1.tgz 0ms (cache hit)
371 http cache spdx-license-ids@https://registry.npmjs.org/spdx-license-ids/-/spdx-license-ids-3.0.21.tgz 0ms (cache hit)
372 http cache picocolors@https://registry.npmjs.org/picocolors/-/picocolors-1.1.1.tgz 0ms (cache hit)
373 http cache spdx-exceptions@https://registry.npmjs.org/spdx-exceptions/-/spdx-exceptions-2.5.0.tgz 0ms (cache hit)
374 http cache spdx-correct@https://registry.npmjs.org/spdx-correct/-/spdx-correct-3.2.0.tgz 0ms (cache hit)
375 http cache redent@https://registry.npmjs.org/redent/-/redent-4.0.0.tgz 1ms (cache hit)
376 http cache read-pkg-up@https://registry.npmjs.org/read-pkg-up/-/read-pkg-up-8.0.0.tgz 0ms (cache hit)
377 http cache parse-json@https://registry.npmjs.org/parse-json/-/parse-json-5.2.0.tgz 0ms (cache hit)
378 http cache read-pkg@https://registry.npmjs.org/read-pkg/-/read-pkg-6.0.0.tgz 1ms (cache hit)
379 http cache path-exists@https://registry.npmjs.org/path-exists/-/path-exists-4.0.0.tgz 0ms (cache hit)
380 http cache p-limit@https://registry.npmjs.org/p-limit/-/p-limit-3.1.0.tgz 0ms (cache hit)
381 http cache normalize-package-data@https://registry.npmjs.org/normalize-package-data/-/normalize-package-data-3.0.3.tgz 0ms (cache hit)
382 http cache min-indent@https://registry.npmjs.org/min-indent/-/min-indent-1.0.1.tgz 0ms (cache hit)
383 http cache meow@https://registry.npmjs.org/meow/-/meow-10.1.5.tgz 0ms (cache hit)
384 http cache lru-cache@https://registry.npmjs.org/lru-cache/-/lru-cache-6.0.0.tgz 0ms (cache hit)
385 http cache map-obj@https://registry.npmjs.org/map-obj/-/map-obj-4.3.0.tgz 0ms (cache hit)
386 http cache minimist-options@https://registry.npmjs.org/minimist-options/-/minimist-options-4.1.0.tgz 0ms (cache hit)
387 http cache locate-path@https://registry.npmjs.org/locate-path/-/locate-path-6.0.0.tgz 0ms (cache hit)
388 http cache semver@https://registry.npmjs.org/semver/-/semver-7.7.1.tgz 1ms (cache hit)
389 http cache lines-and-columns@https://registry.npmjs.org/lines-and-columns/-/lines-and-columns-1.2.4.tgz 0ms (cache hit)
390 http cache kind-of@https://registry.npmjs.org/kind-of/-/kind-of-6.0.3.tgz 0ms (cache hit)
391 http cache is-core-module@https://registry.npmjs.org/is-core-module/-/is-core-module-2.16.1.tgz 0ms (cache hit)
392 http cache json-parse-even-better-errors@https://registry.npmjs.org/json-parse-even-better-errors/-/json-parse-even-better-errors-2.3.1.tgz 0ms (cache hit)
393 http cache js-tokens@https://registry.npmjs.org/js-tokens/-/js-tokens-4.0.0.tgz 0ms (cache hit)
394 http cache is-plain-obj@https://registry.npmjs.org/is-plain-obj/-/is-plain-obj-1.1.0.tgz 0ms (cache hit)
395 http cache is-arrayish@https://registry.npmjs.org/is-arrayish/-/is-arrayish-0.2.1.tgz 0ms (cache hit)
396 http cache hard-rejection@https://registry.npmjs.org/hard-rejection/-/hard-rejection-2.1.0.tgz 0ms (cache hit)
397 http cache indent-string@https://registry.npmjs.org/indent-string/-/indent-string-5.0.0.tgz 0ms (cache hit)
398 http cache p-locate@https://registry.npmjs.org/p-locate/-/p-locate-5.0.0.tgz 0ms (cache hit)
399 http cache hosted-git-info@https://registry.npmjs.org/hosted-git-info/-/hosted-git-info-4.1.0.tgz 0ms (cache hit)
400 http cache hasown@https://registry.npmjs.org/hasown/-/hasown-2.0.2.tgz 0ms (cache hit)
401 http cache has-flag@https://registry.npmjs.org/has-flag/-/has-flag-4.0.0.tgz 0ms (cache hit)
402 http cache function-bind@https://registry.npmjs.org/function-bind/-/function-bind-1.1.2.tgz 0ms (cache hit)
403 http cache find-up@https://registry.npmjs.org/find-up/-/find-up-5.0.0.tgz 0ms (cache hit)
404 http cache gradient-string@https://registry.npmjs.org/gradient-string/-/gradient-string-2.0.2.tgz 0ms (cache hit)
405 http cache error-ex@https://registry.npmjs.org/error-ex/-/error-ex-1.3.2.tgz 0ms (cache hit)
406 http cache decamelize-keys@https://registry.npmjs.org/decamelize-keys/-/decamelize-keys-1.1.1.tgz 0ms (cache hit)
407 http cache color-name@https://registry.npmjs.org/color-name/-/color-name-1.1.4.tgz 0ms (cache hit)
408 http cache map-obj@https://registry.npmjs.org/map-obj/-/map-obj-1.0.1.tgz 0ms (cache hit)
409 http cache decamelize@https://registry.npmjs.org/decamelize/-/decamelize-1.2.0.tgz 0ms (cache hit)
410 http cache decamelize@https://registry.npmjs.org/decamelize/-/decamelize-5.0.1.tgz 0ms (cache hit)
411 http cache color-convert@https://registry.npmjs.org/color-convert/-/color-convert-2.0.1.tgz 0ms (cache hit)
412 http cache camelcase-keys@https://registry.npmjs.org/camelcase-keys/-/camelcase-keys-7.0.2.tgz 0ms (cache hit)
413 http cache chalk@https://registry.npmjs.org/chalk/-/chalk-4.1.2.tgz 0ms (cache hit)
414 http cache camelcase@https://registry.npmjs.org/camelcase/-/camelcase-6.3.0.tgz 0ms (cache hit)
415 http cache arrify@https://registry.npmjs.org/arrify/-/arrify-1.0.1.tgz 0ms (cache hit)
416 http cache ansi-styles@https://registry.npmjs.org/ansi-styles/-/ansi-styles-4.3.0.tgz 0ms (cache hit)
417 silly CHANGE node_modules/chalk-animation
418 silly CHANGE node_modules/chalk-animation/node_modules/@types/normalize-package-data
419 silly CHANGE node_modules/chalk-animation/node_modules/@types/tinycolor2
420 silly CHANGE node_modules/chalk-animation/node_modules/@types/minimist
421 silly CHANGE node_modules/chalk-animation/node_modules/@babel/helper-validator-identifier
422 silly CHANGE node_modules/chalk-animation/node_modules/@babel/code-frame
423 silly CHANGE node_modules/chalk-animation/node_modules/yocto-queue
424 silly CHANGE node_modules/chalk-animation/node_modules/yargs-parser
425 silly CHANGE node_modules/chalk-animation/node_modules/yallist
426 silly CHANGE node_modules/chalk-animation/node_modules/validate-npm-package-license
427 silly CHANGE node_modules/chalk-animation/node_modules/type-fest
428 silly CHANGE node_modules/chalk-animation/node_modules/trim-newlines
429 silly CHANGE node_modules/chalk-animation/node_modules/tinygradient
430 silly CHANGE node_modules/chalk-animation/node_modules/tinycolor2
431 silly CHANGE node_modules/chalk-animation/node_modules/supports-color
432 silly CHANGE node_modules/chalk-animation/node_modules/strip-indent
433 silly CHANGE node_modules/chalk-animation/node_modules/spdx-license-ids
434 silly CHANGE node_modules/chalk-animation/node_modules/quick-lru
435 silly CHANGE node_modules/chalk-animation/node_modules/spdx-expression-parse
436 silly CHANGE node_modules/chalk-animation/node_modules/picocolors
437 silly CHANGE node_modules/chalk-animation/node_modules/spdx-exceptions
438 silly CHANGE node_modules/chalk-animation/node_modules/spdx-correct
439 silly CHANGE node_modules/chalk-animation/node_modules/semver
440 silly CHANGE node_modules/chalk-animation/node_modules/redent
441 silly CHANGE node_modules/chalk-animation/node_modules/read-pkg-up
442 silly CHANGE node_modules/chalk-animation/node_modules/parse-json
443 silly CHANGE node_modules/chalk-animation/node_modules/read-pkg
444 silly CHANGE node_modules/chalk-animation/node_modules/path-exists
445 silly CHANGE node_modules/chalk-animation/node_modules/p-locate
446 silly CHANGE node_modules/chalk-animation/node_modules/p-limit
447 silly CHANGE node_modules/chalk-animation/node_modules/normalize-package-data
448 silly CHANGE node_modules/chalk-animation/node_modules/min-indent
449 silly CHANGE node_modules/chalk-animation/node_modules/minimist-options
450 silly CHANGE node_modules/chalk-animation/node_modules/meow
451 silly CHANGE node_modules/chalk-animation/node_modules/map-obj
452 silly CHANGE node_modules/chalk-animation/node_modules/lru-cache
453 silly CHANGE node_modules/chalk-animation/node_modules/locate-path
454 silly CHANGE node_modules/chalk-animation/node_modules/lines-and-columns
455 silly CHANGE node_modules/chalk-animation/node_modules/kind-of
456 silly CHANGE node_modules/chalk-animation/node_modules/json-parse-even-better-errors
457 silly CHANGE node_modules/chalk-animation/node_modules/is-core-module
458 silly CHANGE node_modules/chalk-animation/node_modules/js-tokens
459 silly CHANGE node_modules/chalk-animation/node_modules/is-plain-obj
460 silly CHANGE node_modules/chalk-animation/node_modules/hard-rejection
461 silly CHANGE node_modules/chalk-animation/node_modules/is-arrayish
462 silly CHANGE node_modules/chalk-animation/node_modules/indent-string
463 silly CHANGE node_modules/chalk-animation/node_modules/hosted-git-info
464 silly CHANGE node_modules/chalk-animation/node_modules/hasown
465 silly CHANGE node_modules/chalk-animation/node_modules/has-flag
466 silly CHANGE node_modules/chalk-animation/node_modules/gradient-string
467 silly CHANGE node_modules/chalk-animation/node_modules/function-bind
468 silly CHANGE node_modules/chalk-animation/node_modules/find-up
469 silly CHANGE node_modules/chalk-animation/node_modules/error-ex
470 silly CHANGE node_modules/chalk-animation/node_modules/color-name
471 silly CHANGE node_modules/chalk-animation/node_modules/decamelize-keys
472 silly CHANGE node_modules/chalk-animation/node_modules/decamelize-keys/node_modules/map-obj
473 silly CHANGE node_modules/chalk-animation/node_modules/decamelize-keys/node_modules/decamelize
474 silly CHANGE node_modules/chalk-animation/node_modules/decamelize
475 silly CHANGE node_modules/chalk-animation/node_modules/color-convert
476 silly CHANGE node_modules/chalk-animation/node_modules/camelcase-keys
477 silly CHANGE node_modules/chalk-animation/node_modules/chalk
478 silly CHANGE node_modules/chalk-animation/node_modules/camelcase
479 silly CHANGE node_modules/chalk-animation/node_modules/arrify
480 silly CHANGE node_modules/chalk-animation/node_modules/ansi-styles
481 silly CHANGE node_modules/chalk
482 verbose cwd /data/data/com.termux/files/home/Kangspam
483 verbose os Linux 5.10.209-android12-9-00016-g7c6bbcca33e1-ab12029497
484 verbose node v22.13.1
485 verbose npm  v10.9.2
486 verbose exit 0
487 info ok
