0 verbose cli /data/data/com.termux/files/usr/bin/node /data/data/com.termux/files/usr/bin/npm
1 info using npm@10.9.2
2 info using node@v22.13.1
3 silly config load:file:/data/data/com.termux/files/usr/lib/node_modules/npm/npmrc
4 silly config load:file:/data/data/com.termux/files/home/.npmrc
5 silly config load:file:/data/data/com.termux/files/usr/etc/npmrc
6 verbose title npm i chalk chalk-animation
7 verbose argv "--global" "i" "chalk" "chalk-animation"
8 verbose logfile logs-max:10 dir:/data/data/com.termux/files/home/.npm/_logs/2025-02-12T01_46_55_444Z-
9 verbose logfile /data/data/com.termux/files/home/.npm/_logs/2025-02-12T01_46_55_444Z-debug-0.log
10 silly packumentCache heap:1098907648 maxSize:274726912 maxEntrySize:137363456
11 silly logfile done cleaning log files
12 silly idealTree buildDeps
13 silly fetch manifest chalk@*
14 silly packumentCache full:https://registry.npmjs.org/chalk cache-miss
15 http fetch GET 200 https://registry.npmjs.org/chalk 2832ms (cache updated)
16 silly packumentCache full:https://registry.npmjs.org/chalk set size:undefined disposed:false
17 silly fetch manifest chalk-animation@*
18 silly packumentCache full:https://registry.npmjs.org/chalk-animation cache-miss
19 http fetch GET 200 https://registry.npmjs.org/chalk-animation 182ms (cache updated)
20 silly packumentCache full:https://registry.npmjs.org/chalk-animation set size:undefined disposed:false
21 silly placeDep ROOT chalk@5.4.1 OK for:  want: *
22 silly placeDep ROOT chalk-animation@2.0.3 OK for:  want: *
23 silly fetch manifest chalk@^4.1.2
24 silly packumentCache full:https://registry.npmjs.org/chalk cache-miss
25 silly fetch manifest gradient-string@^2.0.2
26 silly packumentCache full:https://registry.npmjs.org/gradient-string cache-miss
27 silly fetch manifest meow@^10.1.2
28 silly packumentCache full:https://registry.npmjs.org/meow cache-miss
29 http cache https://registry.npmjs.org/chalk 36ms (cache hit)
30 silly packumentCache full:https://registry.npmjs.org/chalk set size:122561 disposed:false
31 http fetch GET 200 https://registry.npmjs.org/gradient-string 180ms (cache updated)
32 silly packumentCache full:https://registry.npmjs.org/gradient-string set size:undefined disposed:false
33 http fetch GET 200 https://registry.npmjs.org/meow 626ms (cache updated)
34 silly packumentCache full:https://registry.npmjs.org/meow set size:undefined disposed:false
35 silly placeDep node_modules/chalk-animation chalk@4.1.2 OK for: chalk-animation@2.0.3 want: ^4.1.2
36 silly placeDep node_modules/chalk-animation gradient-string@2.0.2 OK for: chalk-animation@2.0.3 want: ^2.0.2
37 silly placeDep node_modules/chalk-animation meow@10.1.5 OK for: chalk-animation@2.0.3 want: ^10.1.2
38 silly fetch manifest ansi-styles@^4.1.0
39 silly packumentCache full:https://registry.npmjs.org/ansi-styles cache-miss
40 silly fetch manifest supports-color@^7.1.0
41 silly packumentCache full:https://registry.npmjs.org/supports-color cache-miss
42 silly fetch manifest tinygradient@^1.1.5
43 silly packumentCache full:https://registry.npmjs.org/tinygradient cache-miss
44 silly fetch manifest redent@^4.0.0
45 silly packumentCache full:https://registry.npmjs.org/redent cache-miss
46 silly fetch manifest type-fest@^1.2.2
47 silly packumentCache full:https://registry.npmjs.org/type-fest cache-miss
48 silly fetch manifest decamelize@^5.0.0
49 silly packumentCache full:https://registry.npmjs.org/decamelize cache-miss
50 silly fetch manifest read-pkg-up@^8.0.0
51 silly packumentCache full:https://registry.npmjs.org/read-pkg-up cache-miss
52 http fetch GET 200 https://registry.npmjs.org/redent 244ms (cache updated)
53 silly packumentCache full:https://registry.npmjs.org/redent set size:undefined disposed:false
54 silly fetch manifest yargs-parser@^20.2.9
55 silly packumentCache full:https://registry.npmjs.org/yargs-parser cache-miss
56 http fetch GET 200 https://registry.npmjs.org/supports-color 250ms (cache updated)
57 silly packumentCache full:https://registry.npmjs.org/supports-color set size:undefined disposed:false
58 silly fetch manifest trim-newlines@^4.0.2
59 silly packumentCache full:https://registry.npmjs.org/trim-newlines cache-miss
60 http fetch GET 200 https://registry.npmjs.org/yargs-parser 878ms (cache updated)
61 silly packumentCache full:https://registry.npmjs.org/yargs-parser set size:undefined disposed:false
62 silly fetch manifest camelcase-keys@^7.0.0
63 silly packumentCache full:https://registry.npmjs.org/camelcase-keys cache-miss
64 http fetch GET 200 https://registry.npmjs.org/trim-newlines 898ms (cache updated)
65 silly packumentCache full:https://registry.npmjs.org/trim-newlines set size:undefined disposed:false
66 silly fetch manifest hard-rejection@^2.1.0
67 silly packumentCache full:https://registry.npmjs.org/hard-rejection cache-miss
68 http fetch GET 200 https://registry.npmjs.org/ansi-styles 1171ms (cache updated)
69 silly packumentCache full:https://registry.npmjs.org/ansi-styles set size:undefined disposed:false
70 silly fetch manifest @types/minimist@^1.2.2
71 silly packumentCache full:https://registry.npmjs.org/@types%2fminimist cache-miss
72 http fetch GET 200 https://registry.npmjs.org/tinygradient 1279ms (cache updated)
73 silly packumentCache full:https://registry.npmjs.org/tinygradient set size:undefined disposed:false
74 silly fetch manifest decamelize-keys@^1.1.0
75 silly packumentCache full:https://registry.npmjs.org/decamelize-keys cache-miss
76 http fetch GET 200 https://registry.npmjs.org/decamelize 1876ms (cache updated)
77 silly packumentCache full:https://registry.npmjs.org/decamelize set size:undefined disposed:false
78 silly fetch manifest minimist-options@4.1.0
79 silly packumentCache full:https://registry.npmjs.org/minimist-options cache-miss
80 http fetch GET 200 https://registry.npmjs.org/read-pkg-up 2388ms (cache updated)
81 silly packumentCache full:https://registry.npmjs.org/read-pkg-up set size:undefined disposed:false
82 silly fetch manifest normalize-package-data@^3.0.2
83 silly packumentCache full:https://registry.npmjs.org/normalize-package-data cache-miss
84 http fetch GET 200 https://registry.npmjs.org/camelcase-keys 1869ms (cache updated)
85 silly packumentCache full:https://registry.npmjs.org/camelcase-keys set size:undefined disposed:false
86 http fetch GET 200 https://registry.npmjs.org/hard-rejection 1949ms (cache updated)
87 silly packumentCache full:https://registry.npmjs.org/hard-rejection set size:undefined disposed:false
88 http fetch GET 200 https://registry.npmjs.org/minimist-options 1222ms (cache updated)
89 silly packumentCache full:https://registry.npmjs.org/minimist-options set size:undefined disposed:false
90 http fetch GET 200 https://registry.npmjs.org/@types%2fminimist 1937ms (cache updated)
91 silly packumentCache full:https://registry.npmjs.org/@types%2fminimist set size:undefined disposed:false
92 http fetch GET 200 https://registry.npmjs.org/decamelize-keys 1830ms (cache updated)
93 silly packumentCache full:https://registry.npmjs.org/decamelize-keys set size:undefined disposed:false
94 http fetch GET 200 https://registry.npmjs.org/type-fest 3169ms (cache updated)
95 silly packumentCache full:https://registry.npmjs.org/type-fest set size:undefined disposed:false
96 http fetch GET 200 https://registry.npmjs.org/normalize-package-data 871ms (cache updated)
97 silly packumentCache full:https://registry.npmjs.org/normalize-package-data set size:undefined disposed:false
98 silly placeDep node_modules/chalk-animation ansi-styles@4.3.0 OK for: chalk@4.1.2 want: ^4.1.0
99 silly placeDep node_modules/chalk-animation supports-color@7.2.0 OK for: chalk@4.1.2 want: ^7.1.0
100 silly fetch manifest color-convert@^2.0.1
101 silly packumentCache full:https://registry.npmjs.org/color-convert cache-miss
102 silly fetch manifest has-flag@^4.0.0
103 silly packumentCache full:https://registry.npmjs.org/has-flag cache-miss
104 http fetch GET 200 https://registry.npmjs.org/color-convert 226ms (cache updated)
105 silly packumentCache full:https://registry.npmjs.org/color-convert set size:undefined disposed:false
106 http fetch GET 200 https://registry.npmjs.org/has-flag 249ms (cache updated)
107 silly packumentCache full:https://registry.npmjs.org/has-flag set size:undefined disposed:false
108 silly placeDep node_modules/chalk-animation color-convert@2.0.1 OK for: ansi-styles@4.3.0 want: ^2.0.1
109 silly fetch manifest color-name@~1.1.4
110 silly packumentCache full:https://registry.npmjs.org/color-name cache-miss
111 http fetch GET 200 https://registry.npmjs.org/color-name 196ms (cache updated)
112 silly packumentCache full:https://registry.npmjs.org/color-name set size:undefined disposed:false
113 silly placeDep node_modules/chalk-animation color-name@1.1.4 OK for: color-convert@2.0.1 want: ~1.1.4
114 silly placeDep node_modules/chalk-animation tinygradient@1.1.5 OK for: gradient-string@2.0.2 want: ^1.1.5
115 silly fetch manifest tinycolor2@^1.0.0
116 silly packumentCache full:https://registry.npmjs.org/tinycolor2 cache-miss
117 silly fetch manifest @types/tinycolor2@^1.4.0
118 silly packumentCache full:https://registry.npmjs.org/@types%2ftinycolor2 cache-miss
119 http fetch GET 200 https://registry.npmjs.org/@types%2ftinycolor2 308ms (cache updated)
120 silly packumentCache full:https://registry.npmjs.org/@types%2ftinycolor2 set size:undefined disposed:false
121 http fetch GET 200 https://registry.npmjs.org/tinycolor2 314ms (cache updated)
122 silly packumentCache full:https://registry.npmjs.org/tinycolor2 set size:undefined disposed:false
123 silly placeDep node_modules/chalk-animation @types/minimist@1.2.5 OK for: meow@10.1.5 want: ^1.2.2
124 silly placeDep node_modules/chalk-animation camelcase-keys@7.0.2 OK for: meow@10.1.5 want: ^7.0.0
125 silly placeDep node_modules/chalk-animation decamelize@5.0.1 OK for: meow@10.1.5 want: ^5.0.0
126 silly placeDep node_modules/chalk-animation decamelize-keys@1.1.1 OK for: meow@10.1.5 want: ^1.1.0
127 silly placeDep node_modules/chalk-animation hard-rejection@2.1.0 OK for: meow@10.1.5 want: ^2.1.0
128 silly placeDep node_modules/chalk-animation minimist-options@4.1.0 OK for: meow@10.1.5 want: 4.1.0
129 silly placeDep node_modules/chalk-animation normalize-package-data@3.0.3 OK for: meow@10.1.5 want: ^3.0.2
130 silly placeDep node_modules/chalk-animation read-pkg-up@8.0.0 OK for: meow@10.1.5 want: ^8.0.0
131 silly placeDep node_modules/chalk-animation redent@4.0.0 OK for: meow@10.1.5 want: ^4.0.0
132 silly placeDep node_modules/chalk-animation trim-newlines@4.1.1 OK for: meow@10.1.5 want: ^4.0.2
133 silly placeDep node_modules/chalk-animation type-fest@1.4.0 OK for: meow@10.1.5 want: ^1.2.2
134 silly placeDep node_modules/chalk-animation yargs-parser@20.2.9 OK for: meow@10.1.5 want: ^20.2.9
135 silly fetch manifest camelcase@^6.3.0
136 silly packumentCache full:https://registry.npmjs.org/camelcase cache-miss
137 silly fetch manifest map-obj@^4.1.0
138 silly packumentCache full:https://registry.npmjs.org/map-obj cache-miss
139 silly fetch manifest quick-lru@^5.1.1
140 silly packumentCache full:https://registry.npmjs.org/quick-lru cache-miss
141 silly fetch manifest type-fest@^1.2.1
142 silly packumentCache full:https://registry.npmjs.org/type-fest cache-miss
143 silly fetch manifest decamelize@^1.1.0
144 silly packumentCache full:https://registry.npmjs.org/decamelize cache-miss
145 silly fetch manifest map-obj@^1.0.0
146 silly packumentCache full:https://registry.npmjs.org/map-obj cache-miss
147 silly fetch manifest arrify@^1.0.1
148 silly packumentCache full:https://registry.npmjs.org/arrify cache-miss
149 http cache https://registry.npmjs.org/decamelize 28ms (cache hit)
150 silly packumentCache full:https://registry.npmjs.org/decamelize set size:32733 disposed:false
151 silly fetch manifest is-plain-obj@^1.1.0
152 silly packumentCache full:https://registry.npmjs.org/is-plain-obj cache-miss
153 http cache https://registry.npmjs.org/type-fest 36ms (cache hit)
154 silly packumentCache full:https://registry.npmjs.org/type-fest set size:503663 disposed:false
155 silly fetch manifest kind-of@^6.0.3
156 silly packumentCache full:https://registry.npmjs.org/kind-of cache-miss
157 http fetch GET 200 https://registry.npmjs.org/map-obj 143ms (cache updated)
158 silly packumentCache full:https://registry.npmjs.org/map-obj set size:undefined disposed:false
159 silly fetch manifest semver@^7.3.4
160 silly packumentCache full:https://registry.npmjs.org/semver cache-miss
161 http fetch GET 200 https://registry.npmjs.org/map-obj 162ms (cache updated)
162 silly packumentCache full:https://registry.npmjs.org/map-obj set size:undefined disposed:false
163 silly fetch manifest is-core-module@^2.5.0
164 silly packumentCache full:https://registry.npmjs.org/is-core-module cache-miss
165 http fetch GET 200 https://registry.npmjs.org/camelcase 175ms (cache updated)
166 silly packumentCache full:https://registry.npmjs.org/camelcase set size:undefined disposed:false
167 silly fetch manifest hosted-git-info@^4.0.1
168 silly packumentCache full:https://registry.npmjs.org/hosted-git-info cache-miss
169 http fetch GET 200 https://registry.npmjs.org/quick-lru 181ms (cache updated)
170 silly packumentCache full:https://registry.npmjs.org/quick-lru set size:undefined disposed:false
171 silly fetch manifest validate-npm-package-license@^3.0.1
172 silly packumentCache full:https://registry.npmjs.org/validate-npm-package-license cache-miss
173 http fetch GET 200 https://registry.npmjs.org/arrify 199ms (cache updated)
174 silly packumentCache full:https://registry.npmjs.org/arrify set size:undefined disposed:false
175 silly fetch manifest find-up@^5.0.0
176 silly packumentCache full:https://registry.npmjs.org/find-up cache-miss
177 http fetch GET 200 https://registry.npmjs.org/kind-of 191ms (cache updated)
178 silly packumentCache full:https://registry.npmjs.org/kind-of set size:undefined disposed:false
179 silly fetch manifest read-pkg@^6.0.0
180 silly packumentCache full:https://registry.npmjs.org/read-pkg cache-miss
181 http fetch GET 200 https://registry.npmjs.org/is-plain-obj 222ms (cache updated)
182 silly packumentCache full:https://registry.npmjs.org/is-plain-obj set size:undefined disposed:false
183 silly fetch manifest type-fest@^1.0.1
184 silly packumentCache full:https://registry.npmjs.org/type-fest cache-hit
185 silly fetch manifest indent-string@^5.0.0
186 silly packumentCache full:https://registry.npmjs.org/indent-string cache-miss
187 http fetch GET 200 https://registry.npmjs.org/find-up 282ms (cache updated)
188 silly packumentCache full:https://registry.npmjs.org/find-up set size:undefined disposed:false
189 silly fetch manifest strip-indent@^4.0.0
190 silly packumentCache full:https://registry.npmjs.org/strip-indent cache-miss
191 http fetch GET 200 https://registry.npmjs.org/read-pkg 287ms (cache updated)
192 silly packumentCache full:https://registry.npmjs.org/read-pkg set size:undefined disposed:false
193 http fetch GET 200 https://registry.npmjs.org/hosted-git-info 480ms (cache updated)
194 silly packumentCache full:https://registry.npmjs.org/hosted-git-info set size:undefined disposed:false
195 http fetch GET 200 https://registry.npmjs.org/indent-string 409ms (cache updated)
196 silly packumentCache full:https://registry.npmjs.org/indent-string set size:undefined disposed:false
197 http fetch GET 200 https://registry.npmjs.org/strip-indent 255ms (cache updated)
198 silly packumentCache full:https://registry.npmjs.org/strip-indent set size:undefined disposed:false
199 http fetch GET 200 https://registry.npmjs.org/is-core-module 679ms (cache updated)
200 silly packumentCache full:https://registry.npmjs.org/is-core-module set size:undefined disposed:false
201 http fetch GET 200 https://registry.npmjs.org/validate-npm-package-license 903ms (cache updated)
202 silly packumentCache full:https://registry.npmjs.org/validate-npm-package-license set size:undefined disposed:false
203 http fetch GET 200 https://registry.npmjs.org/semver 944ms (cache updated)
204 silly packumentCache full:https://registry.npmjs.org/semver set size:undefined disposed:false
205 silly placeDep node_modules/chalk-animation camelcase@6.3.0 OK for: camelcase-keys@7.0.2 want: ^6.3.0
206 silly placeDep node_modules/chalk-animation map-obj@4.3.0 OK for: camelcase-keys@7.0.2 want: ^4.1.0
207 silly placeDep node_modules/chalk-animation quick-lru@5.1.1 OK for: camelcase-keys@7.0.2 want: ^5.1.1
208 silly placeDep node_modules/chalk-animation/node_modules/decamelize-keys decamelize@1.2.0 OK for: decamelize-keys@1.1.1 want: ^1.1.0
209 silly placeDep node_modules/chalk-animation/node_modules/decamelize-keys map-obj@1.0.1 OK for: decamelize-keys@1.1.1 want: ^1.0.0
210 silly placeDep node_modules/chalk-animation arrify@1.0.1 OK for: minimist-options@4.1.0 want: ^1.0.1
211 silly placeDep node_modules/chalk-animation is-plain-obj@1.1.0 OK for: minimist-options@4.1.0 want: ^1.1.0
212 silly placeDep node_modules/chalk-animation kind-of@6.0.3 OK for: minimist-options@4.1.0 want: ^6.0.3
213 silly placeDep node_modules/chalk-animation hosted-git-info@4.1.0 OK for: normalize-package-data@3.0.3 want: ^4.0.1
214 silly placeDep node_modules/chalk-animation is-core-module@2.16.1 OK for: normalize-package-data@3.0.3 want: ^2.5.0
215 silly placeDep node_modules/chalk-animation semver@7.7.1 OK for: normalize-package-data@3.0.3 want: ^7.3.4
216 silly placeDep node_modules/chalk-animation validate-npm-package-license@3.0.4 OK for: normalize-package-data@3.0.3 want: ^3.0.1
217 silly fetch manifest lru-cache@^6.0.0
218 silly packumentCache full:https://registry.npmjs.org/lru-cache cache-miss
219 silly fetch manifest hasown@^2.0.2
220 silly packumentCache full:https://registry.npmjs.org/hasown cache-miss
221 silly fetch manifest spdx-correct@^3.0.0
222 silly packumentCache full:https://registry.npmjs.org/spdx-correct cache-miss
223 silly fetch manifest spdx-expression-parse@^3.0.0
224 silly packumentCache full:https://registry.npmjs.org/spdx-expression-parse cache-miss
225 http fetch GET 200 https://registry.npmjs.org/lru-cache 334ms (cache updated)
226 silly packumentCache full:https://registry.npmjs.org/lru-cache set size:undefined disposed:false
227 http fetch GET 200 https://registry.npmjs.org/spdx-correct 351ms (cache updated)
228 silly packumentCache full:https://registry.npmjs.org/spdx-correct set size:undefined disposed:false
229 http fetch GET 200 https://registry.npmjs.org/spdx-expression-parse 945ms (cache updated)
230 silly packumentCache full:https://registry.npmjs.org/spdx-expression-parse set size:undefined disposed:false
231 http fetch GET 200 https://registry.npmjs.org/hasown 953ms (cache updated)
232 silly packumentCache full:https://registry.npmjs.org/hasown set size:undefined disposed:false
233 silly placeDep node_modules/chalk-animation lru-cache@6.0.0 OK for: hosted-git-info@4.1.0 want: ^6.0.0
234 silly fetch manifest yallist@^4.0.0
235 silly packumentCache full:https://registry.npmjs.org/yallist cache-miss
236 http fetch GET 200 https://registry.npmjs.org/yallist 347ms (cache updated)
237 silly packumentCache full:https://registry.npmjs.org/yallist set size:undefined disposed:false
238 silly placeDep node_modules/chalk-animation hasown@2.0.2 OK for: is-core-module@2.16.1 want: ^2.0.2
239 silly fetch manifest function-bind@^1.1.2
240 silly packumentCache full:https://registry.npmjs.org/function-bind cache-miss
241 http fetch GET 200 https://registry.npmjs.org/function-bind 153ms (cache updated)
242 silly packumentCache full:https://registry.npmjs.org/function-bind set size:undefined disposed:false
243 silly placeDep node_modules/chalk-animation function-bind@1.1.2 OK for: hasown@2.0.2 want: ^1.1.2
244 silly placeDep node_modules/chalk-animation yallist@4.0.0 OK for: lru-cache@6.0.0 want: ^4.0.0
245 silly placeDep node_modules/chalk-animation find-up@5.0.0 OK for: read-pkg-up@8.0.0 want: ^5.0.0
246 silly placeDep node_modules/chalk-animation read-pkg@6.0.0 OK for: read-pkg-up@8.0.0 want: ^6.0.0
247 silly fetch manifest locate-path@^6.0.0
248 silly packumentCache full:https://registry.npmjs.org/locate-path cache-miss
249 silly fetch manifest path-exists@^4.0.0
250 silly packumentCache full:https://registry.npmjs.org/path-exists cache-miss
251 silly fetch manifest @types/normalize-package-data@^2.4.0
252 silly packumentCache full:https://registry.npmjs.org/@types%2fnormalize-package-data cache-miss
253 silly fetch manifest parse-json@^5.2.0
254 silly packumentCache full:https://registry.npmjs.org/parse-json cache-miss
255 http fetch GET 200 https://registry.npmjs.org/path-exists 181ms (cache updated)
256 silly packumentCache full:https://registry.npmjs.org/path-exists set size:undefined disposed:false
257 http fetch GET 200 https://registry.npmjs.org/@types%2fnormalize-package-data 184ms (cache updated)
258 silly packumentCache full:https://registry.npmjs.org/@types%2fnormalize-package-data set size:undefined disposed:false
259 http fetch GET 200 https://registry.npmjs.org/locate-path 189ms (cache updated)
260 silly packumentCache full:https://registry.npmjs.org/locate-path set size:undefined disposed:false
261 http fetch GET 200 https://registry.npmjs.org/parse-json 192ms (cache updated)
262 silly packumentCache full:https://registry.npmjs.org/parse-json set size:undefined disposed:false
263 silly placeDep node_modules/chalk-animation locate-path@6.0.0 OK for: find-up@5.0.0 want: ^6.0.0
264 silly placeDep node_modules/chalk-animation path-exists@4.0.0 OK for: find-up@5.0.0 want: ^4.0.0
265 silly fetch manifest p-locate@^5.0.0
266 silly packumentCache full:https://registry.npmjs.org/p-locate cache-miss
267 http fetch GET 200 https://registry.npmjs.org/p-locate 126ms (cache updated)
268 silly packumentCache full:https://registry.npmjs.org/p-locate set size:undefined disposed:false
269 silly placeDep node_modules/chalk-animation p-locate@5.0.0 OK for: locate-path@6.0.0 want: ^5.0.0
270 silly fetch manifest p-limit@^3.0.2
271 silly packumentCache full:https://registry.npmjs.org/p-limit cache-miss
272 http fetch GET 200 https://registry.npmjs.org/p-limit 175ms (cache updated)
273 silly packumentCache full:https://registry.npmjs.org/p-limit set size:undefined disposed:false
274 silly placeDep node_modules/chalk-animation p-limit@3.1.0 OK for: p-locate@5.0.0 want: ^3.0.2
275 silly fetch manifest yocto-queue@^0.1.0
276 silly packumentCache full:https://registry.npmjs.org/yocto-queue cache-miss
277 http fetch GET 200 https://registry.npmjs.org/yocto-queue 296ms (cache updated)
278 silly packumentCache full:https://registry.npmjs.org/yocto-queue set size:undefined disposed:false
279 silly placeDep node_modules/chalk-animation yocto-queue@0.1.0 OK for: p-limit@3.1.0 want: ^0.1.0
280 silly placeDep node_modules/chalk-animation @types/normalize-package-data@2.4.4 OK for: read-pkg@6.0.0 want: ^2.4.0
281 silly placeDep node_modules/chalk-animation parse-json@5.2.0 OK for: read-pkg@6.0.0 want: ^5.2.0
282 silly fetch manifest @babel/code-frame@^7.0.0
283 silly packumentCache full:https://registry.npmjs.org/@babel%2fcode-frame cache-miss
284 silly fetch manifest error-ex@^1.3.1
285 silly packumentCache full:https://registry.npmjs.org/error-ex cache-miss
286 silly fetch manifest json-parse-even-better-errors@^2.3.0
287 silly packumentCache full:https://registry.npmjs.org/json-parse-even-better-errors cache-miss
288 silly fetch manifest lines-and-columns@^1.1.6
289 silly packumentCache full:https://registry.npmjs.org/lines-and-columns cache-miss
290 http fetch GET 200 https://registry.npmjs.org/error-ex 180ms (cache updated)
291 silly packumentCache full:https://registry.npmjs.org/error-ex set size:undefined disposed:false
292 http fetch GET 200 https://registry.npmjs.org/lines-and-columns 278ms (cache updated)
293 silly packumentCache full:https://registry.npmjs.org/lines-and-columns set size:undefined disposed:false
294 http fetch GET 200 https://registry.npmjs.org/@babel%2fcode-frame 294ms (cache updated)
295 silly packumentCache full:https://registry.npmjs.org/@babel%2fcode-frame set size:undefined disposed:false
296 http fetch GET 200 https://registry.npmjs.org/json-parse-even-better-errors 379ms (cache updated)
297 silly packumentCache full:https://registry.npmjs.org/json-parse-even-better-errors set size:undefined disposed:false
298 silly placeDep node_modules/chalk-animation @babel/code-frame@7.26.2 OK for: parse-json@5.2.0 want: ^7.0.0
299 silly placeDep node_modules/chalk-animation error-ex@1.3.2 OK for: parse-json@5.2.0 want: ^1.3.1
300 silly placeDep node_modules/chalk-animation json-parse-even-better-errors@2.3.1 OK for: parse-json@5.2.0 want: ^2.3.0
301 silly placeDep node_modules/chalk-animation lines-and-columns@1.2.4 OK for: parse-json@5.2.0 want: ^1.1.6
302 silly fetch manifest js-tokens@^4.0.0
303 silly packumentCache full:https://registry.npmjs.org/js-tokens cache-miss
304 silly fetch manifest picocolors@^1.0.0
305 silly packumentCache full:https://registry.npmjs.org/picocolors cache-miss
306 silly fetch manifest @babel/helper-validator-identifier@^7.25.9
307 silly packumentCache full:https://registry.npmjs.org/@babel%2fhelper-validator-identifier cache-miss
308 silly fetch manifest is-arrayish@^0.2.1
309 silly packumentCache full:https://registry.npmjs.org/is-arrayish cache-miss
310 http fetch GET 200 https://registry.npmjs.org/is-arrayish 159ms (cache updated)
311 silly packumentCache full:https://registry.npmjs.org/is-arrayish set size:undefined disposed:false
312 http fetch GET 200 https://registry.npmjs.org/picocolors 184ms (cache updated)
313 silly packumentCache full:https://registry.npmjs.org/picocolors set size:undefined disposed:false
314 http fetch GET 200 https://registry.npmjs.org/js-tokens 194ms (cache updated)
315 silly packumentCache full:https://registry.npmjs.org/js-tokens set size:undefined disposed:false
316 http fetch GET 200 https://registry.npmjs.org/@babel%2fhelper-validator-identifier 266ms (cache updated)
317 silly packumentCache full:https://registry.npmjs.org/@babel%2fhelper-validator-identifier set size:undefined disposed:false
318 silly placeDep node_modules/chalk-animation @babel/helper-validator-identifier@7.25.9 OK for: @babel/code-frame@7.26.2 want: ^7.25.9
319 silly placeDep node_modules/chalk-animation js-tokens@4.0.0 OK for: @babel/code-frame@7.26.2 want: ^4.0.0
320 silly placeDep node_modules/chalk-animation picocolors@1.1.1 OK for: @babel/code-frame@7.26.2 want: ^1.0.0
321 silly placeDep node_modules/chalk-animation is-arrayish@0.2.1 OK for: error-ex@1.3.2 want: ^0.2.1
322 silly placeDep node_modules/chalk-animation indent-string@5.0.0 OK for: redent@4.0.0 want: ^5.0.0
323 silly placeDep node_modules/chalk-animation strip-indent@4.0.0 OK for: redent@4.0.0 want: ^4.0.0
324 silly fetch manifest min-indent@^1.0.1
325 silly packumentCache full:https://registry.npmjs.org/min-indent cache-miss
326 http fetch GET 200 https://registry.npmjs.org/min-indent 187ms (cache updated)
327 silly packumentCache full:https://registry.npmjs.org/min-indent set size:undefined disposed:false
328 silly placeDep node_modules/chalk-animation min-indent@1.0.1 OK for: strip-indent@4.0.0 want: ^1.0.1
329 silly placeDep node_modules/chalk-animation has-flag@4.0.0 OK for: supports-color@7.2.0 want: ^4.0.0
330 silly placeDep node_modules/chalk-animation @types/tinycolor2@1.4.6 OK for: tinygradient@1.1.5 want: ^1.4.0
331 silly placeDep node_modules/chalk-animation tinycolor2@1.6.0 OK for: tinygradient@1.1.5 want: ^1.0.0
332 silly placeDep node_modules/chalk-animation spdx-correct@3.2.0 OK for: validate-npm-package-license@3.0.4 want: ^3.0.0
333 silly placeDep node_modules/chalk-animation spdx-expression-parse@3.0.1 OK for: validate-npm-package-license@3.0.4 want: ^3.0.0
334 silly fetch manifest spdx-license-ids@^3.0.0
335 silly packumentCache full:https://registry.npmjs.org/spdx-license-ids cache-miss
336 silly fetch manifest spdx-exceptions@^2.1.0
337 silly packumentCache full:https://registry.npmjs.org/spdx-exceptions cache-miss
338 silly fetch manifest spdx-license-ids@^3.0.0
339 silly packumentCache full:https://registry.npmjs.org/spdx-license-ids cache-miss
340 http fetch GET 200 https://registry.npmjs.org/spdx-exceptions 219ms (cache updated)
341 silly packumentCache full:https://registry.npmjs.org/spdx-exceptions set size:undefined disposed:false
342 http fetch GET 200 https://registry.npmjs.org/spdx-license-ids 290ms (cache updated)
343 silly packumentCache full:https://registry.npmjs.org/spdx-license-ids set size:undefined disposed:false
344 http fetch GET 200 https://registry.npmjs.org/spdx-license-ids 822ms (cache updated)
345 silly packumentCache full:https://registry.npmjs.org/spdx-license-ids set size:undefined disposed:false
346 silly placeDep node_modules/chalk-animation spdx-license-ids@3.0.21 OK for: spdx-correct@3.2.0 want: ^3.0.0
347 silly placeDep node_modules/chalk-animation spdx-exceptions@2.5.0 OK for: spdx-expression-parse@3.0.1 want: ^2.1.0
348 silly reify mark retired [
348 silly reify   '/data/data/com.termux/files/usr/lib/node_modules/chalk-animation',
348 silly reify   '/data/data/com.termux/files/usr/bin/chalk-animation'
348 silly reify ]
349 silly reify mark retired [ '/data/data/com.termux/files/usr/lib/node_modules/chalk' ]
350 silly reify moves {
350 silly reify   '/data/data/com.termux/files/usr/lib/node_modules/chalk-animation': '/data/data/com.termux/files/usr/lib/node_modules/.chalk-animation-BR5aAqGV',
350 silly reify   '/data/data/com.termux/files/usr/bin/chalk-animation': '/data/data/com.termux/files/usr/bin/.chalk-animation-XWHtzA8i',
350 silly reify   '/data/data/com.termux/files/usr/lib/node_modules/chalk': '/data/data/com.termux/files/usr/lib/node_modules/.chalk-7fA2zBDZ'
350 silly reify }
351 http cache chalk@https://registry.npmjs.org/chalk/-/chalk-5.4.1.tgz 0ms (cache hit)
352 http cache @types/tinycolor2@https://registry.npmjs.org/@types/tinycolor2/-/tinycolor2-1.4.6.tgz 0ms (cache hit)
353 http cache chalk-animation@https://registry.npmjs.org/chalk-animation/-/chalk-animation-2.0.3.tgz 0ms (cache hit)
354 http cache @types/minimist@https://registry.npmjs.org/@types/minimist/-/minimist-1.2.5.tgz 0ms (cache hit)
355 http cache @types/normalize-package-data@https://registry.npmjs.org/@types/normalize-package-data/-/normalize-package-data-2.4.4.tgz 0ms (cache hit)
356 http cache yargs-parser@https://registry.npmjs.org/yargs-parser/-/yargs-parser-20.2.9.tgz 0ms (cache hit)
357 http cache @babel/code-frame@https://registry.npmjs.org/@babel/code-frame/-/code-frame-7.26.2.tgz 0ms (cache hit)
358 http cache yocto-queue@https://registry.npmjs.org/yocto-queue/-/yocto-queue-0.1.0.tgz 0ms (cache hit)
359 http cache validate-npm-package-license@https://registry.npmjs.org/validate-npm-package-license/-/validate-npm-package-license-3.0.4.tgz 0ms (cache hit)
360 http cache yallist@https://registry.npmjs.org/yallist/-/yallist-4.0.0.tgz 0ms (cache hit)
361 http cache type-fest@https://registry.npmjs.org/type-fest/-/type-fest-1.4.0.tgz 0ms (cache hit)
362 http cache @babel/helper-validator-identifier@https://registry.npmjs.org/@babel/helper-validator-identifier/-/helper-validator-identifier-7.25.9.tgz 0ms (cache hit)
363 http cache trim-newlines@https://registry.npmjs.org/trim-newlines/-/trim-newlines-4.1.1.tgz 0ms (cache hit)
364 http cache tinycolor2@https://registry.npmjs.org/tinycolor2/-/tinycolor2-1.6.0.tgz 0ms (cache hit)
365 http cache tinygradient@https://registry.npmjs.org/tinygradient/-/tinygradient-1.1.5.tgz 0ms (cache hit)
366 http cache strip-indent@https://registry.npmjs.org/strip-indent/-/strip-indent-4.0.0.tgz 0ms (cache hit)
367 http cache spdx-expression-parse@https://registry.npmjs.org/spdx-expression-parse/-/spdx-expression-parse-3.0.1.tgz 1ms (cache hit)
368 http cache supports-color@https://registry.npmjs.org/supports-color/-/supports-color-7.2.0.tgz 0ms (cache hit)
369 http cache spdx-exceptions@https://registry.npmjs.org/spdx-exceptions/-/spdx-exceptions-2.5.0.tgz 0ms (cache hit)
370 http cache spdx-license-ids@https://registry.npmjs.org/spdx-license-ids/-/spdx-license-ids-3.0.21.tgz 0ms (cache hit)
371 http cache spdx-correct@https://registry.npmjs.org/spdx-correct/-/spdx-correct-3.2.0.tgz 0ms (cache hit)
372 http cache read-pkg-up@https://registry.npmjs.org/read-pkg-up/-/read-pkg-up-8.0.0.tgz 0ms (cache hit)
373 http cache semver@https://registry.npmjs.org/semver/-/semver-7.7.1.tgz 0ms (cache hit)
374 http cache redent@https://registry.npmjs.org/redent/-/redent-4.0.0.tgz 0ms (cache hit)
375 http cache path-exists@https://registry.npmjs.org/path-exists/-/path-exists-4.0.0.tgz 0ms (cache hit)
376 http cache picocolors@https://registry.npmjs.org/picocolors/-/picocolors-1.1.1.tgz 0ms (cache hit)
377 http cache read-pkg@https://registry.npmjs.org/read-pkg/-/read-pkg-6.0.0.tgz 0ms (cache hit)
378 http cache quick-lru@https://registry.npmjs.org/quick-lru/-/quick-lru-5.1.1.tgz 0ms (cache hit)
379 http cache p-limit@https://registry.npmjs.org/p-limit/-/p-limit-3.1.0.tgz 0ms (cache hit)
380 http cache parse-json@https://registry.npmjs.org/parse-json/-/parse-json-5.2.0.tgz 0ms (cache hit)
381 http cache p-locate@https://registry.npmjs.org/p-locate/-/p-locate-5.0.0.tgz 0ms (cache hit)
382 http cache normalize-package-data@https://registry.npmjs.org/normalize-package-data/-/normalize-package-data-3.0.3.tgz 0ms (cache hit)
383 http cache minimist-options@https://registry.npmjs.org/minimist-options/-/minimist-options-4.1.0.tgz 0ms (cache hit)
384 http cache min-indent@https://registry.npmjs.org/min-indent/-/min-indent-1.0.1.tgz 0ms (cache hit)
385 http cache meow@https://registry.npmjs.org/meow/-/meow-10.1.5.tgz 0ms (cache hit)
386 http cache map-obj@https://registry.npmjs.org/map-obj/-/map-obj-4.3.0.tgz 0ms (cache hit)
387 http cache locate-path@https://registry.npmjs.org/locate-path/-/locate-path-6.0.0.tgz 0ms (cache hit)
388 http cache lru-cache@https://registry.npmjs.org/lru-cache/-/lru-cache-6.0.0.tgz 0ms (cache hit)
389 http cache lines-and-columns@https://registry.npmjs.org/lines-and-columns/-/lines-and-columns-1.2.4.tgz 0ms (cache hit)
390 http cache kind-of@https://registry.npmjs.org/kind-of/-/kind-of-6.0.3.tgz 0ms (cache hit)
391 http cache is-arrayish@https://registry.npmjs.org/is-arrayish/-/is-arrayish-0.2.1.tgz 0ms (cache hit)
392 http cache js-tokens@https://registry.npmjs.org/js-tokens/-/js-tokens-4.0.0.tgz 0ms (cache hit)
393 http cache is-core-module@https://registry.npmjs.org/is-core-module/-/is-core-module-2.16.1.tgz 0ms (cache hit)
394 http cache json-parse-even-better-errors@https://registry.npmjs.org/json-parse-even-better-errors/-/json-parse-even-better-errors-2.3.1.tgz 0ms (cache hit)
395 http cache is-plain-obj@https://registry.npmjs.org/is-plain-obj/-/is-plain-obj-1.1.0.tgz 0ms (cache hit)
396 http cache indent-string@https://registry.npmjs.org/indent-string/-/indent-string-5.0.0.tgz 0ms (cache hit)
397 http cache hosted-git-info@https://registry.npmjs.org/hosted-git-info/-/hosted-git-info-4.1.0.tgz 0ms (cache hit)
398 http cache function-bind@https://registry.npmjs.org/function-bind/-/function-bind-1.1.2.tgz 0ms (cache hit)
399 http cache has-flag@https://registry.npmjs.org/has-flag/-/has-flag-4.0.0.tgz 0ms (cache hit)
400 http cache hasown@https://registry.npmjs.org/hasown/-/hasown-2.0.2.tgz 0ms (cache hit)
401 http cache hard-rejection@https://registry.npmjs.org/hard-rejection/-/hard-rejection-2.1.0.tgz 0ms (cache hit)
402 http cache gradient-string@https://registry.npmjs.org/gradient-string/-/gradient-string-2.0.2.tgz 0ms (cache hit)
403 http cache error-ex@https://registry.npmjs.org/error-ex/-/error-ex-1.3.2.tgz 0ms (cache hit)
404 http cache find-up@https://registry.npmjs.org/find-up/-/find-up-5.0.0.tgz 0ms (cache hit)
405 http cache decamelize@https://registry.npmjs.org/decamelize/-/decamelize-5.0.1.tgz 0ms (cache hit)
406 http cache decamelize-keys@https://registry.npmjs.org/decamelize-keys/-/decamelize-keys-1.1.1.tgz 0ms (cache hit)
407 http cache camelcase@https://registry.npmjs.org/camelcase/-/camelcase-6.3.0.tgz 0ms (cache hit)
408 http cache decamelize@https://registry.npmjs.org/decamelize/-/decamelize-1.2.0.tgz 0ms (cache hit)
409 http cache map-obj@https://registry.npmjs.org/map-obj/-/map-obj-1.0.1.tgz 0ms (cache hit)
410 http cache color-convert@https://registry.npmjs.org/color-convert/-/color-convert-2.0.1.tgz 0ms (cache hit)
411 http cache color-name@https://registry.npmjs.org/color-name/-/color-name-1.1.4.tgz 0ms (cache hit)
412 http cache chalk@https://registry.npmjs.org/chalk/-/chalk-4.1.2.tgz 0ms (cache hit)
413 http cache ansi-styles@https://registry.npmjs.org/ansi-styles/-/ansi-styles-4.3.0.tgz 0ms (cache hit)
414 http cache camelcase-keys@https://registry.npmjs.org/camelcase-keys/-/camelcase-keys-7.0.2.tgz 0ms (cache hit)
415 http cache arrify@https://registry.npmjs.org/arrify/-/arrify-1.0.1.tgz 0ms (cache hit)
416 silly CHANGE node_modules/chalk
417 silly CHANGE node_modules/chalk-animation
418 silly CHANGE node_modules/chalk-animation/node_modules/@types/tinycolor2
419 silly CHANGE node_modules/chalk-animation/node_modules/@types/minimist
420 silly CHANGE node_modules/chalk-animation/node_modules/@types/normalize-package-data
421 silly CHANGE node_modules/chalk-animation/node_modules/@babel/helper-validator-identifier
422 silly CHANGE node_modules/chalk-animation/node_modules/yargs-parser
423 silly CHANGE node_modules/chalk-animation/node_modules/@babel/code-frame
424 silly CHANGE node_modules/chalk-animation/node_modules/yocto-queue
425 silly CHANGE node_modules/chalk-animation/node_modules/validate-npm-package-license
426 silly CHANGE node_modules/chalk-animation/node_modules/yallist
427 silly CHANGE node_modules/chalk-animation/node_modules/type-fest
428 silly CHANGE node_modules/chalk-animation/node_modules/trim-newlines
429 silly CHANGE node_modules/chalk-animation/node_modules/tinygradient
430 silly CHANGE node_modules/chalk-animation/node_modules/tinycolor2
431 silly CHANGE node_modules/chalk-animation/node_modules/supports-color
432 silly CHANGE node_modules/chalk-animation/node_modules/strip-indent
433 silly CHANGE node_modules/chalk-animation/node_modules/spdx-license-ids
434 silly CHANGE node_modules/chalk-animation/node_modules/spdx-expression-parse
435 silly CHANGE node_modules/chalk-animation/node_modules/spdx-exceptions
436 silly CHANGE node_modules/chalk-animation/node_modules/spdx-correct
437 silly CHANGE node_modules/chalk-animation/node_modules/read-pkg-up
438 silly CHANGE node_modules/chalk-animation/node_modules/semver
439 silly CHANGE node_modules/chalk-animation/node_modules/redent
440 silly CHANGE node_modules/chalk-animation/node_modules/path-exists
441 silly CHANGE node_modules/chalk-animation/node_modules/picocolors
442 silly CHANGE node_modules/chalk-animation/node_modules/read-pkg
443 silly CHANGE node_modules/chalk-animation/node_modules/quick-lru
444 silly CHANGE node_modules/chalk-animation/node_modules/p-limit
445 silly CHANGE node_modules/chalk-animation/node_modules/parse-json
446 silly CHANGE node_modules/chalk-animation/node_modules/p-locate
447 silly CHANGE node_modules/chalk-animation/node_modules/normalize-package-data
448 silly CHANGE node_modules/chalk-animation/node_modules/minimist-options
449 silly CHANGE node_modules/chalk-animation/node_modules/min-indent
450 silly CHANGE node_modules/chalk-animation/node_modules/meow
451 silly CHANGE node_modules/chalk-animation/node_modules/map-obj
452 silly CHANGE node_modules/chalk-animation/node_modules/lru-cache
453 silly CHANGE node_modules/chalk-animation/node_modules/locate-path
454 silly CHANGE node_modules/chalk-animation/node_modules/lines-and-columns
455 silly CHANGE node_modules/chalk-animation/node_modules/kind-of
456 silly CHANGE node_modules/chalk-animation/node_modules/is-arrayish
457 silly CHANGE node_modules/chalk-animation/node_modules/js-tokens
458 silly CHANGE node_modules/chalk-animation/node_modules/is-core-module
459 silly CHANGE node_modules/chalk-animation/node_modules/json-parse-even-better-errors
460 silly CHANGE node_modules/chalk-animation/node_modules/is-plain-obj
461 silly CHANGE node_modules/chalk-animation/node_modules/indent-string
462 silly CHANGE node_modules/chalk-animation/node_modules/function-bind
463 silly CHANGE node_modules/chalk-animation/node_modules/hosted-git-info
464 silly CHANGE node_modules/chalk-animation/node_modules/has-flag
465 silly CHANGE node_modules/chalk-animation/node_modules/hasown
466 silly CHANGE node_modules/chalk-animation/node_modules/hard-rejection
467 silly CHANGE node_modules/chalk-animation/node_modules/gradient-string
468 silly CHANGE node_modules/chalk-animation/node_modules/error-ex
469 silly CHANGE node_modules/chalk-animation/node_modules/find-up
470 silly CHANGE node_modules/chalk-animation/node_modules/decamelize
471 silly CHANGE node_modules/chalk-animation/node_modules/camelcase
472 silly CHANGE node_modules/chalk-animation/node_modules/decamelize-keys
473 silly CHANGE node_modules/chalk-animation/node_modules/decamelize-keys/node_modules/decamelize
474 silly CHANGE node_modules/chalk-animation/node_modules/decamelize-keys/node_modules/map-obj
475 silly CHANGE node_modules/chalk-animation/node_modules/color-name
476 silly CHANGE node_modules/chalk-animation/node_modules/color-convert
477 silly CHANGE node_modules/chalk-animation/node_modules/chalk
478 silly CHANGE node_modules/chalk-animation/node_modules/ansi-styles
479 silly CHANGE node_modules/chalk-animation/node_modules/camelcase-keys
480 silly CHANGE node_modules/chalk-animation/node_modules/arrify
481 verbose cwd /data/data/com.termux/files/home/Kangspam
482 verbose os Linux 5.10.209-android12-9-00016-g7c6bbcca33e1-ab12029497
483 verbose node v22.13.1
484 verbose npm  v10.9.2
485 verbose exit 0
486 info ok
